<?xml version="1.0" encoding="UTF-8"?>
<testng-results ignored="0" total="2" passed="2" failed="0" skipped="0">
  <reporter-output>
  </reporter-output>
  <suite started-at="2025-02-28T17:59:18 IST" name=" Master Suite" finished-at="2025-02-28T17:59:31 IST" duration-ms="12144">
    <groups>
      <group name="regression">
        <method signature="TC0001_Register.verify_account_registration()[pri:0, instance:testCases.TC0001_Register@41e68d87]" name="verify_account_registration" class="testCases.TC0001_Register"/>
      </group> <!-- regression -->
      <group name="sanity">
        <method signature="TC0002_Login.LoginTest()[pri:0, instance:testCases.TC0002_Login@7fb95505]" name="LoginTest" class="testCases.TC0002_Login"/>
      </group> <!-- sanity -->
      <group name="master">
        <method signature="TC0001_Register.verify_account_registration()[pri:0, instance:testCases.TC0001_Register@41e68d87]" name="verify_account_registration" class="testCases.TC0001_Register"/>
        <method signature="TC0002_Login.LoginTest()[pri:0, instance:testCases.TC0002_Login@7fb95505]" name="LoginTest" class="testCases.TC0002_Login"/>
      </group> <!-- master -->
    </groups>
    <test started-at="2025-02-28T17:59:18 IST" name="Test" finished-at="2025-02-28T17:59:31 IST" duration-ms="12144">
      <class name="testCases.TC0001_Register">
        <test-method is-config="true" signature="driverSteUp(java.lang.String,java.lang.String)[pri:0, instance:testCases.TC0001_Register@41e68d87]" started-at="2025-02-28T17:59:19 IST" name="driverSteUp" finished-at="2025-02-28T17:59:22 IST" duration-ms="3233" status="PASS">
          <params>
            <param index="0">
              <value>
                <![CDATA[Windows]]>
              </value>
            </param>
            <param index="1">
              <value>
                <![CDATA[chrome]]>
              </value>
            </param>
          </params>
          <reporter-output>
          </reporter-output>
        </test-method> <!-- driverSteUp -->
        <test-method signature="verify_account_registration()[pri:0, instance:testCases.TC0001_Register@41e68d87]" started-at="2025-02-28T17:59:22 IST" name="verify_account_registration" finished-at="2025-02-28T17:59:25 IST" duration-ms="2958" status="PASS">
          <reporter-output>
          </reporter-output>
        </test-method> <!-- verify_account_registration -->
        <test-method is-config="true" signature="tearDown()[pri:0, instance:testCases.TC0001_Register@41e68d87]" started-at="2025-02-28T17:59:25 IST" name="tearDown" finished-at="2025-02-28T17:59:25 IST" duration-ms="248" status="PASS">
          <reporter-output>
          </reporter-output>
        </test-method> <!-- tearDown -->
      </class> <!-- testCases.TC0001_Register -->
      <class name="testCases.TC0002_Login">
        <test-method is-config="true" signature="driverSteUp(java.lang.String,java.lang.String)[pri:0, instance:testCases.TC0002_Login@7fb95505]" started-at="2025-02-28T17:59:25 IST" name="driverSteUp" finished-at="2025-02-28T17:59:28 IST" duration-ms="3034" status="PASS">
          <params>
            <param index="0">
              <value>
                <![CDATA[Windows]]>
              </value>
            </param>
            <param index="1">
              <value>
                <![CDATA[chrome]]>
              </value>
            </param>
          </params>
          <reporter-output>
          </reporter-output>
        </test-method> <!-- driverSteUp -->
        <test-method signature="LoginTest()[pri:0, instance:testCases.TC0002_Login@7fb95505]" started-at="2025-02-28T17:59:28 IST" name="LoginTest" finished-at="2025-02-28T17:59:30 IST" duration-ms="1876" status="PASS">
          <reporter-output>
          </reporter-output>
        </test-method> <!-- LoginTest -->
        <test-method is-config="true" signature="tearDown()[pri:0, instance:testCases.TC0002_Login@7fb95505]" started-at="2025-02-28T17:59:30 IST" name="tearDown" finished-at="2025-02-28T17:59:31 IST" duration-ms="394" status="PASS">
          <reporter-output>
          </reporter-output>
        </test-method> <!-- tearDown -->
      </class> <!-- testCases.TC0002_Login -->
    </test> <!-- Test -->
  </suite> <!--  Master Suite -->
</testng-results>
