<?xml version="1.0" encoding="UTF-8"?>
<testng-results ignored="0" total="2" passed="2" failed="0" skipped="0">
  <reporter-output>
  </reporter-output>
  <suite started-at="2025-02-28T12:58:45 IST" name=" Master Suite" finished-at="2025-02-28T12:59:00 IST" duration-ms="15105">
    <groups>
      <group name="regression">
        <method signature="TC0001_Register.verify_account_registration()[pri:0, instance:testCases.TC0001_Register@428640fa]" name="verify_account_registration" class="testCases.TC0001_Register"/>
      </group> <!-- regression -->
      <group name="sanity">
        <method signature="TC0002_Login.LoginTest()[pri:0, instance:testCases.TC0002_Login@b9b00e0]" name="LoginTest" class="testCases.TC0002_Login"/>
      </group> <!-- sanity -->
      <group name="master">
        <method signature="TC0001_Register.verify_account_registration()[pri:0, instance:testCases.TC0001_Register@428640fa]" name="verify_account_registration" class="testCases.TC0001_Register"/>
        <method signature="TC0002_Login.LoginTest()[pri:0, instance:testCases.TC0002_Login@b9b00e0]" name="LoginTest" class="testCases.TC0002_Login"/>
      </group> <!-- master -->
    </groups>
    <test started-at="2025-02-28T12:58:45 IST" name="Test" finished-at="2025-02-28T12:59:00 IST" duration-ms="15105">
      <class name="testCases.TC0001_Register">
        <test-method is-config="true" signature="driverSteUp(java.lang.String,java.lang.String)[pri:0, instance:testCases.TC0001_Register@428640fa]" started-at="2025-02-28T12:58:46 IST" name="driverSteUp" finished-at="2025-02-28T12:58:51 IST" duration-ms="5848" status="PASS">
          <params>
            <param index="0">
              <value>
                <![CDATA[Linux]]>
              </value>
            </param>
            <param index="1">
              <value>
                <![CDATA[chrome]]>
              </value>
            </param>
          </params>
          <reporter-output>
          </reporter-output>
        </test-method> <!-- driverSteUp -->
        <test-method signature="verify_account_registration()[pri:0, instance:testCases.TC0001_Register@428640fa]" started-at="2025-02-28T12:58:51 IST" name="verify_account_registration" finished-at="2025-02-28T12:58:55 IST" duration-ms="3481" status="PASS">
          <reporter-output>
          </reporter-output>
        </test-method> <!-- verify_account_registration -->
        <test-method is-config="true" signature="tearDown()[pri:0, instance:testCases.TC0001_Register@428640fa]" started-at="2025-02-28T12:58:55 IST" name="tearDown" finished-at="2025-02-28T12:58:55 IST" duration-ms="100" status="PASS">
          <reporter-output>
          </reporter-output>
        </test-method> <!-- tearDown -->
      </class> <!-- testCases.TC0001_Register -->
      <class name="testCases.TC0002_Login">
        <test-method is-config="true" signature="driverSteUp(java.lang.String,java.lang.String)[pri:0, instance:testCases.TC0002_Login@b9b00e0]" started-at="2025-02-28T12:58:55 IST" name="driverSteUp" finished-at="2025-02-28T12:58:57 IST" duration-ms="2342" status="PASS">
          <params>
            <param index="0">
              <value>
                <![CDATA[Linux]]>
              </value>
            </param>
            <param index="1">
              <value>
                <![CDATA[chrome]]>
              </value>
            </param>
          </params>
          <reporter-output>
          </reporter-output>
        </test-method> <!-- driverSteUp -->
        <test-method signature="LoginTest()[pri:0, instance:testCases.TC0002_Login@b9b00e0]" started-at="2025-02-28T12:58:57 IST" name="LoginTest" finished-at="2025-02-28T12:59:00 IST" duration-ms="2670" status="PASS">
          <reporter-output>
          </reporter-output>
        </test-method> <!-- LoginTest -->
        <test-method is-config="true" signature="tearDown()[pri:0, instance:testCases.TC0002_Login@b9b00e0]" started-at="2025-02-28T12:59:00 IST" name="tearDown" finished-at="2025-02-28T12:59:00 IST" duration-ms="142" status="PASS">
          <reporter-output>
          </reporter-output>
        </test-method> <!-- tearDown -->
      </class> <!-- testCases.TC0002_Login -->
    </test> <!-- Test -->
  </suite> <!--  Master Suite -->
</testng-results>
